# JRE version: Java(TM) SE Runtime Environment (8.0_221-b11) (build 1.8.0_221-b11)
# Java VM: Java HotSpot(TM) 64-Bit Server VM (25.221-b11 mixed mode windows-amd64 compressed oops)
Heap:
 PSYoungGen      total 145408K, used 7384K [0x00000000d5580000, 0x00000000e0e00000, 0x0000000100000000)
  eden space 132608K, 5% used [0x00000000d5580000,0x00000000d5cb6108,0x00000000dd700000)
  from space 12800K, 0% used [0x00000000e0180000,0x00000000e0180000,0x00000000e0e00000)
  to   space 5120K, 0% used [0x00000000dd700000,0x00000000dd700000,0x00000000ddc00000)
 ParOldGen       total 91136K, used 13059K [0x0000000080000000, 0x0000000085900000, 0x00000000d5580000)
  object space 91136K, 14% used [0x0000000080000000,0x0000000080cc0d00,0x0000000085900000)
 Metaspace       used 33535K, capacity 35676K, committed 35968K, reserved 1081344K
  class space    used 4484K, capacity 4865K, committed 4992K, reserved 1048576K
GC Heap History (10 events):
Event: 3.129 GC heap before
{Heap before GC invocations=4 (full 1):
 PSYoungGen      total 71680K, used 5093K [0x00000000d5580000, 0x00000000de180000, 0x0000000100000000)
  eden space 66560K, 0% used [0x00000000d5580000,0x00000000d5580000,0x00000000d9680000)
  from space 5120K, 99% used [0x00000000d9680000,0x00000000d9b796d0,0x00000000d9b80000)
  to   space 5120K, 0% used [0x00000000ddc80000,0x00000000ddc80000,0x00000000de180000)
 ParOldGen       total 87552K, used 4921K [0x0000000080000000, 0x0000000085580000, 0x00000000d5580000)
  object space 87552K, 5% used [0x0000000080000000,0x00000000804ce750,0x0000000085580000)
 Metaspace       used 20343K, capacity 21264K, committed 21296K, reserved 1067008K
  class space    used 2720K, capacity 2923K, committed 2944K, reserved 1048576K
Event: 3.164 GC heap after
Heap after GC invocations=4 (full 1):
 PSYoungGen      total 71680K, used 0K [0x00000000d5580000, 0x00000000de180000, 0x0000000100000000)
  eden space 66560K, 0% used [0x00000000d5580000,0x00000000d5580000,0x00000000d9680000)
  from space 5120K, 0% used [0x00000000d9680000,0x00000000d9680000,0x00000000d9b80000)
  to   space 5120K, 0% used [0x00000000ddc80000,0x00000000ddc80000,0x00000000de180000)
 ParOldGen       total 62976K, used 8925K [0x0000000080000000, 0x0000000083d80000, 0x00000000d5580000)
  object space 62976K, 14% used [0x0000000080000000,0x00000000808b76a8,0x0000000083d80000)
 Metaspace       used 20343K, capacity 21264K, committed 21296K, reserved 1067008K
  class space    used 2720K, capacity 2923K, committed 2944K, reserved 1048576K
}
Event: 3.562 GC heap before
{Heap before GC invocations=5 (full 1):
 PSYoungGen      total 71680K, used 66560K [0x00000000d5580000, 0x00000000de180000, 0x0000000100000000)
  eden space 66560K, 100% used [0x00000000d5580000,0x00000000d9680000,0x00000000d9680000)
  from space 5120K, 0% used [0x00000000d9680000,0x00000000d9680000,0x00000000d9b80000)
  to   space 5120K, 0% used [0x00000000ddc80000,0x00000000ddc80000,0x00000000de180000)
 ParOldGen       total 62976K, used 8925K [0x0000000080000000, 0x0000000083d80000, 0x00000000d5580000)
  object space 62976K, 14% used [0x0000000080000000,0x00000000808b76a8,0x0000000083d80000)
 Metaspace       used 23623K, capacity 24544K, committed 24832K, reserved 1071104K
  class space    used 3055K, capacity 3259K, committed 3328K, reserved 1048576K
Event: 3.569 GC heap after
Heap after GC invocations=5 (full 1):
 PSYoungGen      total 108032K, used 4363K [0x00000000d5580000, 0x00000000de100000, 0x0000000100000000)
  eden space 103424K, 0% used [0x00000000d5580000,0x00000000d5580000,0x00000000dba80000)
  from space 4608K, 94% used [0x00000000ddc80000,0x00000000de0c2cc0,0x00000000de100000)
  to   space 5120K, 0% used [0x00000000dd700000,0x00000000dd700000,0x00000000ddc00000)
 ParOldGen       total 62976K, used 8933K [0x0000000080000000, 0x0000000083d80000, 0x00000000d5580000)
  object space 62976K, 14% used [0x0000000080000000,0x00000000808b96a8,0x0000000083d80000)
 Metaspace       used 23623K, capacity 24544K, committed 24832K, reserved 1071104K
  class space    used 3055K, capacity 3259K, committed 3328K, reserved 1048576K
}
Event: 6.639 GC heap before
{Heap before GC invocations=6 (full 1):
 PSYoungGen      total 108032K, used 107787K [0x00000000d5580000, 0x00000000de100000, 0x0000000100000000)
  eden space 103424K, 100% used [0x00000000d5580000,0x00000000dba80000,0x00000000dba80000)
  from space 4608K, 94% used [0x00000000ddc80000,0x00000000de0c2cc0,0x00000000de100000)
  to   space 5120K, 0% used [0x00000000dd700000,0x00000000dd700000,0x00000000ddc00000)
 ParOldGen       total 62976K, used 8933K [0x0000000080000000, 0x0000000083d80000, 0x00000000d5580000)
  object space 62976K, 14% used [0x0000000080000000,0x00000000808b96a8,0x0000000083d80000)
 Metaspace       used 30150K, capacity 31662K, committed 32000K, reserved 1077248K
  class space    used 3957K, capacity 4263K, committed 4352K, reserved 1048576K
Event: 6.704 GC heap after
Heap after GC invocations=6 (full 1):
 PSYoungGen      total 137728K, used 5118K [0x00000000d5580000, 0x00000000e0e00000, 0x0000000100000000)
  eden space 132608K, 0% used [0x00000000d5580000,0x00000000d5580000,0x00000000dd700000)
  from space 5120K, 99% used [0x00000000dd700000,0x00000000ddbffb80,0x00000000ddc00000)
  to   space 12800K, 0% used [0x00000000e0180000,0x00000000e0180000,0x00000000e0e00000)
 ParOldGen       total 62976K, used 15100K [0x0000000080000000, 0x0000000083d80000, 0x00000000d5580000)
  object space 62976K, 23% used [0x0000000080000000,0x0000000080ebf3a0,0x0000000083d80000)
 Metaspace       used 30150K, capacity 31662K, committed 32000K, reserved 1077248K
  class space    used 3957K, capacity 4263K, committed 4352K, reserved 1048576K
}
Event: 8.010 GC heap before
{Heap before GC invocations=7 (full 1):
 PSYoungGen      total 137728K, used 49610K [0x00000000d5580000, 0x00000000e0e00000, 0x0000000100000000)
  eden space 132608K, 33% used [0x00000000d5580000,0x00000000d80f2e60,0x00000000dd700000)
  from space 5120K, 99% used [0x00000000dd700000,0x00000000ddbffb80,0x00000000ddc00000)
  to   space 12800K, 0% used [0x00000000e0180000,0x00000000e0180000,0x00000000e0e00000)
 ParOldGen       total 62976K, used 15100K [0x0000000080000000, 0x0000000083d80000, 0x00000000d5580000)
  object space 62976K, 23% used [0x0000000080000000,0x0000000080ebf3a0,0x0000000083d80000)
 Metaspace       used 33358K, capacity 35438K, committed 35496K, reserved 1079296K
  class space    used 4443K, capacity 4808K, committed 4864K, reserved 1048576K
Event: 8.038 GC heap after
Heap after GC invocations=7 (full 1):
 PSYoungGen      total 145408K, used 8903K [0x00000000d5580000, 0x00000000e0e00000, 0x0000000100000000)
  eden space 132608K, 0% used [0x00000000d5580000,0x00000000d5580000,0x00000000dd700000)
  from space 12800K, 69% used [0x00000000e0180000,0x00000000e0a31dc0,0x00000000e0e00000)
  to   space 5120K, 0% used [0x00000000dd700000,0x00000000dd700000,0x00000000ddc00000)
 ParOldGen       total 62976K, used 15108K [0x0000000080000000, 0x0000000083d80000, 0x00000000d5580000)
  object space 62976K, 23% used [0x0000000080000000,0x0000000080ec13a0,0x0000000083d80000)
 Metaspace       used 33358K, capacity 35438K, committed 35496K, reserved 1079296K
  class space    used 4443K, capacity 4808K, committed 4864K, reserved 1048576K
}
Event: 8.038 GC heap before
{Heap before GC invocations=8 (full 2):
 PSYoungGen      total 145408K, used 8903K [0x00000000d5580000, 0x00000000e0e00000, 0x0000000100000000)
  eden space 132608K, 0% used [0x00000000d5580000,0x00000000d5580000,0x00000000dd700000)
  from space 12800K, 69% used [0x00000000e0180000,0x00000000e0a31dc0,0x00000000e0e00000)
  to   space 5120K, 0% used [0x00000000dd700000,0x00000000dd700000,0x00000000ddc00000)
 ParOldGen       total 62976K, used 15108K [0x0000000080000000, 0x0000000083d80000, 0x00000000d5580000)
  object space 62976K, 23% used [0x0000000080000000,0x0000000080ec13a0,0x0000000083d80000)
 Metaspace       used 33358K, capacity 35438K, committed 35496K, reserved 1079296K
  class space    used 4443K, capacity 4808K, committed 4864K, reserved 1048576K
Event: 8.117 GC heap after
Heap after GC invocations=8 (full 2):
 PSYoungGen      total 145408K, used 0K [0x00000000d5580000, 0x00000000e0e00000, 0x0000000100000000)
  eden space 132608K, 0% used [0x00000000d5580000,0x00000000d5580000,0x00000000dd700000)
  from space 12800K, 0% used [0x00000000e0180000,0x00000000e0180000,0x00000000e0e00000)
  to   space 5120K, 0% used [0x00000000dd700000,0x00000000dd700000,0x00000000ddc00000)
 ParOldGen       total 91136K, used 13059K [0x0000000080000000, 0x0000000085900000, 0x00000000d5580000)
  object space 91136K, 14% used [0x0000000080000000,0x0000000080cc0d00,0x0000000085900000)
 Metaspace       used 33358K, capacity 35438K, committed 35496K, reserved 1079296K
  class space    used 4443K, capacity 4808K, committed 4864K, reserved 1048576K
}

